[0;32m[2025-09-08 19:30:58][0m Starting comprehensive health check...
[0;32m[2025-09-08 19:30:58][0m Checking Docker containers...
[0;31m[ERROR][0m Containers not running: tradingbot postgres redis nginx prometheus grafana
[2025-09-08 19:30:58] ERROR: Containers not running: tradingbot postgres redis nginx prometheus grafana
[0;32m[2025-09-08 19:30:58][0m Checking application health...
[0;34m[INFO][0m Application health check passed
[0;34m[INFO][0m API health check passed
[0;32m[2025-09-08 19:30:58][0m Checking database connectivity...
[0;31m[ERROR][0m Database connection failed
[2025-09-08 19:30:58] ERROR: Database connection failed
[0;32m[2025-09-08 19:30:58][0m Checking Redis connectivity...
[0;31m[ERROR][0m Redis connection failed
[2025-09-08 19:30:58] ERROR: Redis connection failed
[0;32m[2025-09-08 19:30:58][0m Checking system resources...
[0;34m[INFO][0m CPU usage: %
[0;34m[INFO][0m Memory usage:  /  (%)
[0;34m[INFO][0m Disk usage: 79% (Available: 91Gi)
[0;32m[2025-09-08 19:30:58][0m Checking SSL certificate...
[1;33m[WARNING][0m SSL certificate not found
[2025-09-08 19:30:58] WARNING: SSL certificate not found
[0;32m[2025-09-08 19:30:58][0m Checking for critical errors in logs...
[0;34m[INFO][0m Error count in last hour: 0
[0;32m[2025-09-08 19:30:58][0m Checking trading performance...
[0;34m[INFO][0m Recent trades (last hour): 
[1;33m[WARNING][0m No trades in the last hour
[2025-09-08 19:30:58] WARNING: No trades in the last hour
[0;31m[ERROR][0m ❌ Failed checks: check_containers check_database check_redis
[2025-09-08 19:30:58] ERROR: ❌ Failed checks: check_containers check_database check_redis
